<?xml version='1.0'?>
<ns2:test-suite xmlns:ns2='urn:model.allure.qatools.yandex.ru' start='1621224583365' stop='1621224583372'>
    <name>Freshwork portal: Homepage validation</name>
    <title>Freshwork portal: Homepage validation</title>
    <test-cases>
        <test-case start='1621224583366' status='passed' stop='1621224583368'>
            <name></name>
            <title></title>
            <labels>
                <label name='language' value='javascript'/>
                <label name='framework' value='wdio'/>
                <label name='thread' value='0-0'/>
            </labels>
            <parameters>
                <parameter kind='argument' name='browser' value='chrome-90.0.4430.212'/>
            </parameters>
            <steps/>
            <attachments/>
        </test-case>
        <test-case start='1621224583368' status='broken' stop='1621224583370'>
            <name>Given User is on freshworks page</name>
            <title>Given User is on freshworks page</title>
            <labels>
                <label name='language' value='javascript'/>
                <label name='framework' value='wdio'/>
                <label name='thread' value='0-0'/>
            </labels>
            <parameters>
                <parameter kind='argument' name='browser' value='chrome-90.0.4430.212'/>
            </parameters>
            <steps/>
            <attachments/>
            <failure>
                <message>Step "User is on freshworks page" is not defined. You can ignore this error by setting cucumberOpts.ignoreUndefinedDefinitions as true.</message>
                <stack-trace>Step "User is on freshworks page" is not defined. You can ignore this error by setting cucumberOpts.ignoreUndefinedDefinitions as true.
                	at Feature(/Users/layyanar/Documents/Git/webdriver-io-projects/webdriver-test/feature/home-page-test.feature):1:1
                	at Scenario(Homepage validation):4:3
                	at Step(User is on freshworks page):5:5
                </stack-trace>
            </failure>
        </test-case>
        <test-case start='1621224583370' status='broken' stop='1621224583370'>
            <name>When Print the page header name</name>
            <title>When Print the page header name</title>
            <labels>
                <label name='language' value='javascript'/>
                <label name='framework' value='wdio'/>
                <label name='thread' value='0-0'/>
            </labels>
            <parameters>
                <parameter kind='argument' name='browser' value='chrome-90.0.4430.212'/>
            </parameters>
            <steps/>
            <attachments/>
            <failure>
                <message>Step "Print the page header name" is not defined. You can ignore this error by setting cucumberOpts.ignoreUndefinedDefinitions as true.</message>
                <stack-trace>Step "Print the page header name" is not defined. You can ignore this error by setting cucumberOpts.ignoreUndefinedDefinitions as true.
                	at Feature(/Users/layyanar/Documents/Git/webdriver-io-projects/webdriver-test/feature/home-page-test.feature):1:1
                	at Scenario(Homepage validation):4:3
                	at Step(Print the page header name):6:5
                </stack-trace>
            </failure>
        </test-case>
        <test-case start='1621224583370' status='passed' stop='1621224583371'>
            <name></name>
            <title></title>
            <labels>
                <label name='language' value='javascript'/>
                <label name='framework' value='wdio'/>
                <label name='thread' value='0-0'/>
            </labels>
            <parameters>
                <parameter kind='argument' name='browser' value='chrome-90.0.4430.212'/>
            </parameters>
            <steps/>
            <attachments/>
        </test-case>
    </test-cases>
</ns2:test-suite>